# JRE version: Java(TM) SE Runtime Environment (9.0+11) (build 9.0.4+11)
# Java VM: Java HotSpot(TM) 64-Bit Server VM (9.0.4+11, mixed mode, tiered, compressed oops, g1 gc, windows-amd64)
Heap:
 garbage-first heap   total 172032K, used 59818K [0x0000000700000000, 0x0000000700100540, 0x00000007c0000000)
  region size 1024K, 8 young (8192K), 4 survivors (4096K)
 Metaspace       used 72197K, capacity 77068K, committed 77468K, reserved 1116160K
  class space    used 9958K, capacity 10834K, committed 10952K, reserved 1048576K
GC Heap History (10 events):
Event: 36.646 GC heap before
{Heap before GC invocations=29 (full 1):
 garbage-first heap   total 172032K, used 113121K [0x0000000700000000, 0x0000000700100540, 0x00000007c0000000)
  region size 1024K, 60 young (61440K), 4 survivors (4096K)
 Metaspace       used 71546K, capacity 76414K, committed 76572K, reserved 1116160K
  class space    used 9909K, capacity 10767K, committed 10824K, reserved 1048576K
}
Event: 36.651 GC heap after
{Heap after GC invocations=30 (full 1):
 garbage-first heap   total 172032K, used 56152K [0x0000000700000000, 0x0000000700100540, 0x00000007c0000000)
  region size 1024K, 4 young (4096K), 4 survivors (4096K)
 Metaspace       used 71546K, capacity 76414K, committed 76572K, reserved 1116160K
  class space    used 9909K, capacity 10767K, committed 10824K, reserved 1048576K
}
Event: 38.598 GC heap before
{Heap before GC invocations=30 (full 1):
 garbage-first heap   total 172032K, used 113496K [0x0000000700000000, 0x0000000700100540, 0x00000007c0000000)
  region size 1024K, 60 young (61440K), 4 survivors (4096K)
 Metaspace       used 71668K, capacity 76510K, committed 76572K, reserved 1116160K
  class space    used 9918K, capacity 10799K, committed 10824K, reserved 1048576K
}
Event: 38.605 GC heap after
{Heap after GC invocations=31 (full 1):
 garbage-first heap   total 172032K, used 56535K [0x0000000700000000, 0x0000000700100540, 0x00000007c0000000)
  region size 1024K, 5 young (5120K), 5 survivors (5120K)
 Metaspace       used 71668K, capacity 76510K, committed 76572K, reserved 1116160K
  class space    used 9918K, capacity 10799K, committed 10824K, reserved 1048576K
}
Event: 39.032 GC heap before
{Heap before GC invocations=31 (full 1):
 garbage-first heap   total 172032K, used 112855K [0x0000000700000000, 0x0000000700100540, 0x00000007c0000000)
  region size 1024K, 60 young (61440K), 5 survivors (5120K)
 Metaspace       used 71843K, capacity 76702K, committed 76828K, reserved 1116160K
  class space    used 9918K, capacity 10799K, committed 10824K, reserved 1048576K
}
Event: 39.037 GC heap after
{Heap after GC invocations=32 (full 1):
 garbage-first heap   total 172032K, used 57068K [0x0000000700000000, 0x0000000700100540, 0x00000007c0000000)
  region size 1024K, 5 young (5120K), 5 survivors (5120K)
 Metaspace       used 71843K, capacity 76702K, committed 76828K, reserved 1116160K
  class space    used 9918K, capacity 10799K, committed 10824K, reserved 1048576K
}
Event: 40.641 GC heap before
{Heap before GC invocations=32 (full 1):
 garbage-first heap   total 172032K, used 113388K [0x0000000700000000, 0x0000000700100540, 0x00000007c0000000)
  region size 1024K, 60 young (61440K), 5 survivors (5120K)
 Metaspace       used 71928K, capacity 76772K, committed 76828K, reserved 1116160K
  class space    used 9919K, capacity 10800K, committed 10824K, reserved 1048576K
}
Event: 40.646 GC heap after
{Heap after GC invocations=33 (full 1):
 garbage-first heap   total 172032K, used 57228K [0x0000000700000000, 0x0000000700100540, 0x00000007c0000000)
  region size 1024K, 5 young (5120K), 5 survivors (5120K)
 Metaspace       used 71928K, capacity 76772K, committed 76828K, reserved 1116160K
  class space    used 9919K, capacity 10800K, committed 10824K, reserved 1048576K
}
Event: 41.526 GC heap before
{Heap before GC invocations=33 (full 1):
 garbage-first heap   total 172032K, used 113548K [0x0000000700000000, 0x0000000700100540, 0x00000007c0000000)
  region size 1024K, 60 young (61440K), 5 survivors (5120K)
 Metaspace       used 72135K, capacity 76996K, committed 77212K, reserved 1116160K
  class space    used 9949K, capacity 10832K, committed 10952K, reserved 1048576K
}
Event: 41.531 GC heap after
{Heap after GC invocations=34 (full 1):
 garbage-first heap   total 172032K, used 56746K [0x0000000700000000, 0x0000000700100540, 0x00000007c0000000)
  region size 1024K, 4 young (4096K), 4 survivors (4096K)
 Metaspace       used 72135K, capacity 76996K, committed 77212K, reserved 1116160K
  class space    used 9949K, capacity 10832K, committed 10952K, reserved 1048576K
}

